<?xml version="1.0" encoding="UTF-8"?>
<testsuite name="TestHashMap" tests="4" skipped="0" failures="0" errors="0" timestamp="2021-04-13T15:11:21" hostname="alexey-N53SM" time="0.118">
  <properties/>
  <testcase name="testGet()" classname="TestHashMap" time="0.107"/>
  <testcase name="testClear()" classname="TestHashMap" time="0.003"/>
  <testcase name="testNull()" classname="TestHashMap" time="0.003"/>
  <testcase name="testSameKey()" classname="TestHashMap" time="0.001"/>
  <system-out><![CDATA[]]></system-out>
  <system-err><![CDATA[]]></system-err>
</testsuite>
